[debug] [2023-11-15T14:18:38.348Z] ----------------------------------------------------------------------
[debug] [2023-11-15T14:18:38.349Z] Command:       C:\Program Files\nodejs\node.exe C:\Users\jhart\AppData\Roaming\npm\node_modules\firebase-tools\lib\bin\firebase.js init
[debug] [2023-11-15T14:18:38.350Z] CLI Version:   9.21.0
[debug] [2023-11-15T14:18:38.350Z] Platform:      win32
[debug] [2023-11-15T14:18:38.350Z] Node Version:  v16.13.0
[debug] [2023-11-15T14:18:38.350Z] Time:          Wed Nov 15 2023 15:18:38 GMT+0100 (Central European Standard Time)
[debug] [2023-11-15T14:18:38.351Z] ----------------------------------------------------------------------
[debug] 
[debug] [2023-11-15T14:18:38.352Z] >>> [apiv2][query] GET https://firebase-public.firebaseio.com/cli.json [none]
[debug] [2023-11-15T14:18:38.399Z] > command requires scopes: ["email","openid","https://www.googleapis.com/auth/cloudplatformprojects.readonly","https://www.googleapis.com/auth/firebase","https://www.googleapis.com/auth/cloud-platform"]
[debug] [2023-11-15T14:18:38.400Z] > authorizing via signed-in user (j.hartsink@gmail.com)
[info] 
     ######## #### ########  ######## ########     ###     ######  ########
     ##        ##  ##     ## ##       ##     ##  ##   ##  ##       ##
     ######    ##  ########  ######   ########  #########  ######  ######
     ##        ##  ##    ##  ##       ##     ## ##     ##       ## ##
     ##       #### ##     ## ######## ########  ##     ##  ######  ########

You're about to initialize a Firebase project in this directory:

  C:\Users\jhart\Desktop\webDev\goalTracker-master

Before we get started, keep in mind:

  * You are initializing within an existing Firebase project directory

[debug] [2023-11-15T14:18:38.669Z] <<< [apiv2][status] GET https://firebase-public.firebaseio.com/cli.json 200
[debug] [2023-11-15T14:18:38.669Z] <<< [apiv2][body] GET https://firebase-public.firebaseio.com/cli.json {"cloudBuildErrorAfter":1594252800000,"cloudBuildWarnAfter":1590019200000,"defaultNode10After":1594252800000,"minVersion":"3.0.5","node8DeploysDisabledAfter":1613390400000,"node8RuntimeDisabledAfter":1615809600000,"node8WarnAfter":1600128000000}
